<?xml version="1.0" encoding="UTF-8"?>
<!-- Generated by org.testng.reporters.JUnitReportReporter -->
<testsuite hostname="DESKTOP-U8RHF1U" failures="0" tests="13" name="crossbrowser.CrossBrowserTest" time="61.275" errors="1" timestamp="2023-12-26T05:25:08 GMT-05:00" skipped="6">
  <testcase classname="crossbrowser.CrossBrowserTest" name="initialize" time="0.095">
    <error message="Could not start a new session. Response code 400. Message: Argument --remote-allow-origins can&#039;t be set via capabilities 
Host info: host: &#039;DESKTOP-U8RHF1U&#039;, ip: &#039;192.168.50.151&#039;
Build info: version: &#039;4.16.0&#039;, revision: &#039;15400459dd*&#039;
System info: os.name: &#039;Windows 11&#039;, os.arch: &#039;amd64&#039;, os.version: &#039;10.0&#039;, java.version: &#039;17.0.7&#039;
Driver info: org.openqa.selenium.firefox.FirefoxDriver
Command: [null, newSession {capabilities=[Capabilities {acceptInsecureCerts: true, browserName: firefox, moz:debuggerAddress: true, moz:firefoxOptions: {args: [--remote-allow-origins=*]}}]}]" type="org.openqa.selenium.SessionNotCreatedException">
      <![CDATA[org.openqa.selenium.SessionNotCreatedException: Could not start a new session. Response code 400. Message: Argument --remote-allow-origins can't be set via capabilities 
Host info: host: 'DESKTOP-U8RHF1U', ip: '192.168.50.151'
Build info: version: '4.16.0', revision: '15400459dd*'
System info: os.name: 'Windows 11', os.arch: 'amd64', os.version: '10.0', java.version: '17.0.7'
Driver info: org.openqa.selenium.firefox.FirefoxDriver
Command: [null, newSession {capabilities=[Capabilities {acceptInsecureCerts: true, browserName: firefox, moz:debuggerAddress: true, moz:firefoxOptions: {args: [--remote-allow-origins=*]}}]}]
at org.openqa.selenium.remote.ProtocolHandshake.createSession(ProtocolHandshake.java:140)
at org.openqa.selenium.remote.ProtocolHandshake.createSession(ProtocolHandshake.java:96)
at org.openqa.selenium.remote.ProtocolHandshake.createSession(ProtocolHandshake.java:68)
at org.openqa.selenium.remote.HttpCommandExecutor.execute(HttpCommandExecutor.java:163)
at org.openqa.selenium.remote.service.DriverCommandExecutor.invokeExecute(DriverCommandExecutor.java:200)
at org.openqa.selenium.remote.service.DriverCommandExecutor.execute(DriverCommandExecutor.java:175)
at org.openqa.selenium.remote.RemoteWebDriver.execute(RemoteWebDriver.java:523)
at org.openqa.selenium.remote.RemoteWebDriver.startSession(RemoteWebDriver.java:237)
at org.openqa.selenium.remote.RemoteWebDriver.<init>(RemoteWebDriver.java:164)
at org.openqa.selenium.firefox.FirefoxDriver.<init>(FirefoxDriver.java:157)
at org.openqa.selenium.firefox.FirefoxDriver.<init>(FirefoxDriver.java:152)
at org.openqa.selenium.firefox.FirefoxDriver.<init>(FirefoxDriver.java:133)
at org.openqa.selenium.firefox.FirefoxDriver.<init>(FirefoxDriver.java:128)
at org.openqa.selenium.firefox.FirefoxDriver.<init>(FirefoxDriver.java:113)
at crossbrowser.CrossBrowserTest.initialize(CrossBrowserTest.java:33)
at java.base/jdk.internal.reflect.NativeMethodAccessorImpl.invoke0(Native Method)
at java.base/jdk.internal.reflect.NativeMethodAccessorImpl.invoke(NativeMethodAccessorImpl.java:77)
at java.base/jdk.internal.reflect.DelegatingMethodAccessorImpl.invoke(DelegatingMethodAccessorImpl.java:43)
at java.base/java.lang.reflect.Method.invoke(Method.java:568)
at org.testng.internal.invokers.MethodInvocationHelper.invokeMethod(MethodInvocationHelper.java:139)
at org.testng.internal.invokers.MethodInvocationHelper.invokeMethodConsideringTimeout(MethodInvocationHelper.java:69)
at org.testng.internal.invokers.ConfigInvoker.invokeConfigurationMethod(ConfigInvoker.java:361)
at org.testng.internal.invokers.ConfigInvoker.invokeConfigurations(ConfigInvoker.java:296)
at org.testng.TestRunner.invokeTestConfigurations(TestRunner.java:644)
at org.testng.TestRunner.beforeRun(TestRunner.java:633)
at org.testng.TestRunner.run(TestRunner.java:595)
at org.testng.SuiteRunner.runTest(SuiteRunner.java:437)
at org.testng.SuiteRunner.runSequentially(SuiteRunner.java:431)
at org.testng.SuiteRunner.privateRun(SuiteRunner.java:391)
at org.testng.SuiteRunner.run(SuiteRunner.java:330)
at org.testng.SuiteRunnerWorker.runSuite(SuiteRunnerWorker.java:52)
at org.testng.SuiteRunnerWorker.run(SuiteRunnerWorker.java:95)
at org.testng.TestNG.runSuitesSequentially(TestNG.java:1256)
at org.testng.TestNG.runSuitesLocally(TestNG.java:1176)
at org.testng.TestNG.runSuites(TestNG.java:1099)
at org.testng.TestNG.run(TestNG.java:1067)
at org.testng.remote.AbstractRemoteTestNG.run(AbstractRemoteTestNG.java:115)
at org.testng.remote.RemoteTestNG.initAndRun(RemoteTestNG.java:251)
at org.testng.remote.RemoteTestNG.main(RemoteTestNG.java:77)
]]>
    </error>
  </testcase> <!-- initialize -->
  <system-out/>
  <testcase classname="crossbrowser.CrossBrowserTest" name="CINCHCCMlogin" time="0.000">
    <skipped/>
  </testcase> <!-- CINCHCCMlogin -->
  <system-out/>
  <testcase classname="crossbrowser.CrossBrowserTest" name="CINCHCCMlogin" time="14.938"/>
  <system-out/>
  <testcase classname="crossbrowser.CrossBrowserTest" name="CINCHCCMlogin" time="19.616"/>
  <system-out/>
  <testcase classname="crossbrowser.CrossBrowserTest" name="click_on_the_login_button" time="5.170"/>
  <system-out/>
  <testcase classname="crossbrowser.CrossBrowserTest" name="click_on_the_login_button" time="5.241"/>
  <system-out/>
  <testcase classname="crossbrowser.CrossBrowserTest" name="click_on_the_login_button" time="0.000">
    <skipped/>
  </testcase> <!-- click_on_the_login_button -->
  <system-out/>
  <testcase classname="crossbrowser.CrossBrowserTest" name="Verify_the_Continue_Button" time="0.000">
    <skipped/>
  </testcase> <!-- Verify_the_Continue_Button -->
  <system-out/>
  <testcase classname="crossbrowser.CrossBrowserTest" name="Verify_the_Continue_Button" time="8.104"/>
  <system-out/>
  <testcase classname="crossbrowser.CrossBrowserTest" name="Verify_the_Continue_Button" time="8.111"/>
  <system-out/>
  <testcase classname="crossbrowser.CrossBrowserTest" name="Verify_the_Dropdown_and_select_the_Test_Community">
    <skipped/>
  </testcase> <!-- Verify_the_Dropdown_and_select_the_Test_Community -->
  <system-out/>
  <testcase classname="crossbrowser.CrossBrowserTest" name="Verify_the_Dropdown_and_select_the_Test_Community">
    <skipped/>
  </testcase> <!-- Verify_the_Dropdown_and_select_the_Test_Community -->
  <system-out/>
  <testcase classname="crossbrowser.CrossBrowserTest" name="Verify_the_Dropdown_and_select_the_Test_Community">
    <skipped/>
  </testcase> <!-- Verify_the_Dropdown_and_select_the_Test_Community -->
  <system-out/>
</testsuite> <!-- crossbrowser.CrossBrowserTest -->
