<?xml version="1.0" encoding="UTF-8"?>
<!-- Generated by org.testng.reporters.JUnitReportReporter -->
<testsuite hostname="DESKTOP-U8RHF1U" failures="0" tests="6" name="paralleldemo.Selenium4ParallelDemo" time="63.543" errors="0" timestamp="2023-12-27T08:12:02 GMT-05:00" skipped="0">
  <testcase classname="paralleldemo.Selenium4ParallelDemo" name="validCredentials" time="16.550"/>
  <system-out/>
  <testcase classname="paralleldemo.Selenium4ParallelDemo" name="validCredentials" time="16.220"/>
  <system-out/>
  <testcase classname="paralleldemo.Selenium4ParallelDemo" name="validCredentials" time="16.034"/>
  <system-out/>
  <testcase classname="paralleldemo.Selenium4ParallelDemo" name="click_on_the_login_button" time="6.008"/>
  <system-out/>
  <testcase classname="paralleldemo.Selenium4ParallelDemo" name="click_on_the_login_button" time="4.265"/>
  <system-out/>
  <testcase classname="paralleldemo.Selenium4ParallelDemo" name="click_on_the_login_button" time="4.466"/>
  <system-out/>
</testsuite> <!-- paralleldemo.Selenium4ParallelDemo -->
