<?xml version="1.0" encoding="UTF-8"?>
<!-- Generated by org.testng.reporters.JUnitReportReporter -->
<testsuite hostname="DESKTOP-U8RHF1U" failures="0" tests="3" name="paralleldemo.Selenium4ParallelDemo" time="64.671" errors="0" timestamp="2024-01-02T00:49:23 GMT-05:00" skipped="0">
  <testcase classname="paralleldemo.Selenium4ParallelDemo" name="validCredentials" time="32.889"/>
  <system-out/>
  <testcase classname="paralleldemo.Selenium4ParallelDemo" name="click_on_the_login_button" time="23.157"/>
  <system-out/>
  <testcase classname="paralleldemo.Selenium4ParallelDemo" name="Verify_the_Dropdown_and_select_the_Test_Community" time="8.625"/>
  <system-out/>
</testsuite> <!-- paralleldemo.Selenium4ParallelDemo -->
